wallet/build/intermediates/manifest_merge_blame_file/_testNet3Debug/manifest-merger-blame-_testNet3-debug-report.txt
1<?xml version="1.0" encoding="utf-8"?>
2<manifest xmlns:android="http://schemas.android.com/apk/res/android"
3    package="hashengineering.darkcoin.wallet_test"
4    android:installLocation="internalOnly"
5    android:versionCode="70201"
6    android:versionName="7.2.1" >
7
8    <uses-sdk
9        android:minSdkVersion="19"
9-->dashwallet_android/wallet/AndroidManifest.xml
10        android:targetSdkVersion="29" />
10-->dashwallet_android/wallet/AndroidManifest.xml
11    <!-- normal permissions -->
12    <uses-permission android:name="android.permission.INTERNET" />
12-->dashwallet_android/wallet/AndroidManifest.xml:9:5-67
12-->dashwallet_android/wallet/AndroidManifest.xml:9:22-64
13    <uses-permission android:name="android.permission.ACCESS_NETWORK_STATE" />
13-->dashwallet_android/wallet/AndroidManifest.xml:10:5-79
13-->dashwallet_android/wallet/AndroidManifest.xml:10:22-76
14    <uses-permission android:name="android.permission.RECEIVE_BOOT_COMPLETED" />
14-->dashwallet_android/wallet/AndroidManifest.xml:11:5-81
14-->dashwallet_android/wallet/AndroidManifest.xml:11:22-78
15    <uses-permission android:name="android.permission.BLUETOOTH" />
15-->dashwallet_android/wallet/AndroidManifest.xml:12:5-68
15-->dashwallet_android/wallet/AndroidManifest.xml:12:22-65
16    <uses-permission android:name="android.permission.NFC" />
16-->dashwallet_android/wallet/AndroidManifest.xml:13:5-62
16-->dashwallet_android/wallet/AndroidManifest.xml:13:22-59
17    <uses-permission android:name="android.permission.USE_FINGERPRINT" />
17-->dashwallet_android/wallet/AndroidManifest.xml:14:5-74
17-->dashwallet_android/wallet/AndroidManifest.xml:14:22-71
18    <uses-permission android:name="android.permission.VIBRATE" />
18-->dashwallet_android/wallet/AndroidManifest.xml:15:5-66
18-->dashwallet_android/wallet/AndroidManifest.xml:15:22-63
19    <uses-permission android:name="android.permission.WAKE_LOCK" />
19-->dashwallet_android/wallet/AndroidManifest.xml:16:5-68
19-->dashwallet_android/wallet/AndroidManifest.xml:16:22-65
20    <uses-permission android:name="android.permission.FOREGROUND_SERVICE" /> <!-- dangerous permissions -->
20-->dashwallet_android/wallet/AndroidManifest.xml:17:5-77
20-->dashwallet_android/wallet/AndroidManifest.xml:17:22-74
21    <uses-permission android:name="android.permission.CAMERA" /> <!-- group: CAMERA -->
21-->dashwallet_android/wallet/AndroidManifest.xml:18:5-65
21-->dashwallet_android/wallet/AndroidManifest.xml:18:22-62
22    <uses-permission android:name="android.permission.WRITE_EXTERNAL_STORAGE" /> <!-- group: STORAGE -->
22-->dashwallet_android/wallet/AndroidManifest.xml:19:5-81
22-->dashwallet_android/wallet/AndroidManifest.xml:19:22-78
23    <uses-permission android:name="android.permission.READ_EXTERNAL_STORAGE" /> <!-- group: STORAGE -->
23-->dashwallet_android/wallet/AndroidManifest.xml:20:5-80
23-->dashwallet_android/wallet/AndroidManifest.xml:20:22-77
24    <uses-feature
24-->dashwallet_android/wallet/AndroidManifest.xml:21:5-23:36
25        android:name="android.hardware.touchscreen"
25-->dashwallet_android/wallet/AndroidManifest.xml:22:9-52
26        android:required="false" />
26-->dashwallet_android/wallet/AndroidManifest.xml:23:9-33
27    <uses-feature
27-->dashwallet_android/wallet/AndroidManifest.xml:24:5-26:36
28        android:name="android.hardware.nfc"
28-->dashwallet_android/wallet/AndroidManifest.xml:25:9-44
29        android:required="false" />
29-->dashwallet_android/wallet/AndroidManifest.xml:26:9-33
30    <uses-feature
30-->dashwallet_android/wallet/AndroidManifest.xml:27:5-29:36
31        android:name="android.hardware.camera"
31-->dashwallet_android/wallet/AndroidManifest.xml:28:9-47
32        android:required="false" />
32-->dashwallet_android/wallet/AndroidManifest.xml:29:9-33
33    <uses-feature
33-->dashwallet_android/wallet/AndroidManifest.xml:30:5-32:36
34        android:name="android.hardware.camera.front"
34-->dashwallet_android/wallet/AndroidManifest.xml:31:9-53
35        android:required="false" />
35-->dashwallet_android/wallet/AndroidManifest.xml:32:9-33
36    <uses-feature
36-->dashwallet_android/wallet/AndroidManifest.xml:33:5-35:36
37        android:name="android.hardware.camera.autofocus"
37-->dashwallet_android/wallet/AndroidManifest.xml:34:9-57
38        android:required="false" />
38-->dashwallet_android/wallet/AndroidManifest.xml:35:9-33
39    <uses-feature
39-->dashwallet_android/wallet/AndroidManifest.xml:36:5-38:36
40        android:name="android.hardware.camera.flash"
40-->dashwallet_android/wallet/AndroidManifest.xml:37:9-53
41        android:required="false" />
41-->dashwallet_android/wallet/AndroidManifest.xml:38:9-33
42    <uses-feature
42-->dashwallet_android/wallet/AndroidManifest.xml:39:5-41:36
43        android:name="android.hardware.screen.landscape"
43-->dashwallet_android/wallet/AndroidManifest.xml:40:9-57
44        android:required="false" />
44-->dashwallet_android/wallet/AndroidManifest.xml:41:9-33
45    <uses-feature
45-->dashwallet_android/wallet/AndroidManifest.xml:42:5-44:36
46        android:name="android.hardware.bluetooth"
46-->dashwallet_android/wallet/AndroidManifest.xml:43:9-50
47        android:required="false" />
47-->dashwallet_android/wallet/AndroidManifest.xml:44:9-33
48
49    <supports-screens
49-->dashwallet_android/wallet/AndroidManifest.xml:46:5-51:40
50        android:anyDensity="true"
50-->dashwallet_android/wallet/AndroidManifest.xml:47:9-34
51        android:largeScreens="true"
51-->dashwallet_android/wallet/AndroidManifest.xml:48:9-36
52        android:normalScreens="true"
52-->dashwallet_android/wallet/AndroidManifest.xml:49:9-37
53        android:smallScreens="true"
53-->dashwallet_android/wallet/AndroidManifest.xml:50:9-36
54        android:xlargeScreens="true" />
54-->dashwallet_android/wallet/AndroidManifest.xml:51:9-37
55
56    <uses-permission android:name="com.google.android.finsky.permission.BIND_GET_INSTALL_REFERRER_SERVICE" />
56-->[com.google.android.gms:play-services-measurement:18.0.0] AndroidManifest.xml:26:5-110
56-->[com.google.android.gms:play-services-measurement:18.0.0] AndroidManifest.xml:26:22-107
57
58    <application
58-->dashwallet_android/wallet/AndroidManifest.xml:53:5-431:19
59        android:name="de.schildbach.wallet.WalletApplication"
59-->dashwallet_android/wallet/AndroidManifest.xml:54:9-62
60        android:allowBackup="false"
60-->dashwallet_android/wallet/AndroidManifest.xml:55:9-36
61        android:appComponentFactory="androidx.core.app.CoreComponentFactory"
61-->[androidx.core:core:1.5.0-beta01] AndroidManifest.xml:24:18-86
62        android:debuggable="true"
63        android:icon="@mipmap/ic_launcher"
63-->dashwallet_android/wallet/AndroidManifest.xml:56:9-43
64        android:label="@string/app_name"
64-->dashwallet_android/wallet/AndroidManifest.xml:57:9-41
65        android:largeHeap="true"
65-->dashwallet_android/wallet/AndroidManifest.xml:58:9-33
66        android:supportsRtl="true"
66-->[com.tbuonomo.andrui:viewpagerdotsindicator:4.1.2] AndroidManifest.xml:11:18-44
67        android:testOnly="true"
68        android:theme="@style/My.Theme" >
68-->dashwallet_android/wallet/AndroidManifest.xml:59:9-40
69        <activity
69-->dashwallet_android/wallet/AndroidManifest.xml:61:9-63:61
70            android:name="com.e.liquid_integration.ui.LiquidBuyAndSellDashActivity"
70-->dashwallet_android/wallet/AndroidManifest.xml:62:13-84
71            android:theme="@style/My.Theme.ChildActivity" />
71-->dashwallet_android/wallet/AndroidManifest.xml:63:13-58
72        <activity
72-->dashwallet_android/wallet/AndroidManifest.xml:64:9-91:20
73            android:name="com.e.liquid_integration.ui.LiquidSplashActivity"
73-->dashwallet_android/wallet/AndroidManifest.xml:65:13-76
74            android:theme="@style/My.Theme.ChildActivity" >
74-->dashwallet_android/wallet/AndroidManifest.xml:66:13-58
75            <intent-filter>
75-->dashwallet_android/wallet/AndroidManifest.xml:68:13-79:29
76                <action android:name="android.intent.action.VIEW" />
76-->dashwallet_android/wallet/AndroidManifest.xml:69:17-69
76-->dashwallet_android/wallet/AndroidManifest.xml:69:25-66
77
78                <category android:name="android.intent.category.DEFAULT" />
78-->dashwallet_android/wallet/AndroidManifest.xml:70:17-76
78-->dashwallet_android/wallet/AndroidManifest.xml:70:27-73
79                <category android:name="android.intent.category.BROWSABLE" />
79-->dashwallet_android/wallet/AndroidManifest.xml:71:17-78
79-->dashwallet_android/wallet/AndroidManifest.xml:71:27-75
80
81                <data
81-->dashwallet_android/wallet/AndroidManifest.xml:73:17-76:45
82                    android:host="www.dash.org"
82-->dashwallet_android/wallet/AndroidManifest.xml:74:21-48
83                    android:pathPrefix="/"
83-->dashwallet_android/wallet/AndroidManifest.xml:76:21-43
84                    android:scheme="https" />
84-->dashwallet_android/wallet/AndroidManifest.xml:75:21-43
85            </intent-filter>
86
87            <!--
88                <intent-filter android:autoVerify="true">
89                <action android:name="android.intent.action.VIEW" />
90
91                <category android:name="android.intent.category.DEFAULT" />
92                <category android:name="android.intent.category.BROWSABLE" />
93
94
95
96            </intent-filter>
97            -->
98
99        </activity>
100        <activity
100-->dashwallet_android/wallet/AndroidManifest.xml:94:9-96:61
101            android:name="de.schildbach.wallet.ui.BuyAndSellLiquidUpholdActivity"
101-->dashwallet_android/wallet/AndroidManifest.xml:95:13-82
102            android:theme="@style/My.Theme.ChildActivity" />
102-->dashwallet_android/wallet/AndroidManifest.xml:96:13-58
103        <activity
103-->dashwallet_android/wallet/AndroidManifest.xml:97:9-111:20
104            android:name="de.schildbach.wallet.ui.OnboardingActivity"
104-->dashwallet_android/wallet/AndroidManifest.xml:98:13-70
105            android:screenOrientation="portrait"
105-->dashwallet_android/wallet/AndroidManifest.xml:99:13-49
106            android:theme="@style/SplashActivity.Theme" >
106-->dashwallet_android/wallet/AndroidManifest.xml:100:13-56
107            <intent-filter>
107-->dashwallet_android/wallet/AndroidManifest.xml:101:13-106:29
108                <action android:name="android.intent.action.MAIN" />
108-->dashwallet_android/wallet/AndroidManifest.xml:102:17-69
108-->dashwallet_android/wallet/AndroidManifest.xml:102:25-66
109
110                <category android:name="android.intent.category.LAUNCHER" />
110-->dashwallet_android/wallet/AndroidManifest.xml:104:17-77
110-->dashwallet_android/wallet/AndroidManifest.xml:104:27-74
111                <category android:name="android.intent.category.DEFAULT" />
111-->dashwallet_android/wallet/AndroidManifest.xml:70:17-76
111-->dashwallet_android/wallet/AndroidManifest.xml:70:27-73
112            </intent-filter>
113
114            <meta-data
114-->dashwallet_android/wallet/AndroidManifest.xml:108:13-110:53
115                android:name="android.app.shortcuts"
115-->dashwallet_android/wallet/AndroidManifest.xml:109:17-53
116                android:resource="@xml/shortcuts" />
116-->dashwallet_android/wallet/AndroidManifest.xml:110:17-50
117        </activity>
118        <activity
118-->dashwallet_android/wallet/AndroidManifest.xml:112:9-115:61
119            android:name="de.schildbach.wallet.ui.VerifySeedActivity"
119-->dashwallet_android/wallet/AndroidManifest.xml:113:13-70
120            android:screenOrientation="portrait"
120-->dashwallet_android/wallet/AndroidManifest.xml:114:13-49
121            android:theme="@style/My.Theme.ChildActivity" />
121-->dashwallet_android/wallet/AndroidManifest.xml:115:13-58
122        <activity
122-->dashwallet_android/wallet/AndroidManifest.xml:116:9-119:61
123            android:name="de.schildbach.wallet.ui.ViewSeedActivity"
123-->dashwallet_android/wallet/AndroidManifest.xml:117:13-68
124            android:screenOrientation="portrait"
124-->dashwallet_android/wallet/AndroidManifest.xml:118:13-49
125            android:theme="@style/My.Theme.ChildActivity" />
125-->dashwallet_android/wallet/AndroidManifest.xml:119:13-58
126        <activity
126-->dashwallet_android/wallet/AndroidManifest.xml:120:9-128:63
127            android:name="de.schildbach.wallet.ui.WalletActivity"
127-->dashwallet_android/wallet/AndroidManifest.xml:121:13-66
128            android:configChanges="keyboard|keyboardHidden"
128-->dashwallet_android/wallet/AndroidManifest.xml:122:13-60
129            android:exported="true"
129-->dashwallet_android/wallet/AndroidManifest.xml:123:13-36
130            android:label="@string/app_name_short"
130-->dashwallet_android/wallet/AndroidManifest.xml:124:13-51
131            android:launchMode="singleTask"
131-->dashwallet_android/wallet/AndroidManifest.xml:125:13-44
132            android:screenOrientation="portrait"
132-->dashwallet_android/wallet/AndroidManifest.xml:126:13-49
133            android:theme="@style/My.Theme.NoStatusBar"
133-->dashwallet_android/wallet/AndroidManifest.xml:127:13-56
134            android:windowSoftInputMode="stateAlwaysHidden" />
134-->dashwallet_android/wallet/AndroidManifest.xml:128:13-60
135
136        <activity-alias
136-->dashwallet_android/wallet/AndroidManifest.xml:130:9-141:26
137            android:name="de.schildbach.wallet.WalletActivity"
137-->dashwallet_android/wallet/AndroidManifest.xml:131:13-63
138            android:targetActivity="de.schildbach.wallet.ui.WalletActivity" >
138-->dashwallet_android/wallet/AndroidManifest.xml:132:13-76
139            <intent-filter>
139-->dashwallet_android/wallet/AndroidManifest.xml:133:13-140:29
140                <action android:name="android.nfc.action.NDEF_DISCOVERED" />
140-->dashwallet_android/wallet/AndroidManifest.xml:134:17-77
140-->dashwallet_android/wallet/AndroidManifest.xml:134:25-74
141
142                <data android:mimeType="application/x-drktx" />
142-->dashwallet_android/wallet/AndroidManifest.xml:73:17-76:45
142-->dashwallet_android/wallet/AndroidManifest.xml:136:23-61
143                <data android:mimeType="application/x-dashtx" />
143-->dashwallet_android/wallet/AndroidManifest.xml:73:17-76:45
143-->dashwallet_android/wallet/AndroidManifest.xml:136:23-61
144
145                <category android:name="android.intent.category.DEFAULT" />
145-->dashwallet_android/wallet/AndroidManifest.xml:70:17-76
145-->dashwallet_android/wallet/AndroidManifest.xml:70:27-73
146            </intent-filter>
147        </activity-alias>
148
149        <activity
149-->dashwallet_android/wallet/AndroidManifest.xml:143:9-147:61
150            android:name="de.schildbach.wallet.ui.send.SendCoinsInternalActivity"
150-->dashwallet_android/wallet/AndroidManifest.xml:144:13-82
151            android:label="@string/pay_title"
151-->dashwallet_android/wallet/AndroidManifest.xml:145:13-46
152            android:screenOrientation="portrait"
152-->dashwallet_android/wallet/AndroidManifest.xml:146:13-49
153            android:theme="@style/My.Theme.ChildActivity" />
153-->dashwallet_android/wallet/AndroidManifest.xml:147:13-58
154        <activity
154-->dashwallet_android/wallet/AndroidManifest.xml:148:9-173:20
155            android:name="de.schildbach.wallet.ui.send.SendCoinsActivity"
155-->dashwallet_android/wallet/AndroidManifest.xml:149:13-74
156            android:label="@string/pay_title"
156-->dashwallet_android/wallet/AndroidManifest.xml:150:13-46
157            android:screenOrientation="portrait"
157-->dashwallet_android/wallet/AndroidManifest.xml:151:13-49
158            android:theme="@style/My.Theme.ChildActivity" >
158-->dashwallet_android/wallet/AndroidManifest.xml:152:13-58
159            <intent-filter android:label="@string/send_coins_activity_title" >
159-->dashwallet_android/wallet/AndroidManifest.xml:154:13-163:29
159-->dashwallet_android/wallet/AndroidManifest.xml:154:28-77
160                <action android:name="android.intent.action.VIEW" />
160-->dashwallet_android/wallet/AndroidManifest.xml:69:17-69
160-->dashwallet_android/wallet/AndroidManifest.xml:69:25-66
161
162                <data android:scheme="dash" />
162-->dashwallet_android/wallet/AndroidManifest.xml:73:17-76:45
162-->dashwallet_android/wallet/AndroidManifest.xml:75:21-43
163                <data android:scheme="darkcoin" />
163-->dashwallet_android/wallet/AndroidManifest.xml:73:17-76:45
163-->dashwallet_android/wallet/AndroidManifest.xml:75:21-43
164                <data android:scheme="pay" />
164-->dashwallet_android/wallet/AndroidManifest.xml:73:17-76:45
164-->dashwallet_android/wallet/AndroidManifest.xml:75:21-43
165
166                <category android:name="android.intent.category.DEFAULT" />
166-->dashwallet_android/wallet/AndroidManifest.xml:70:17-76
166-->dashwallet_android/wallet/AndroidManifest.xml:70:27-73
167                <category android:name="android.intent.category.BROWSABLE" />
167-->dashwallet_android/wallet/AndroidManifest.xml:71:17-78
167-->dashwallet_android/wallet/AndroidManifest.xml:71:27-75
168            </intent-filter>
169            <intent-filter android:label="@string/send_coins_activity_title" >
169-->dashwallet_android/wallet/AndroidManifest.xml:164:13-172:29
169-->dashwallet_android/wallet/AndroidManifest.xml:164:28-77
170                <action android:name="android.nfc.action.NDEF_DISCOVERED" />
170-->dashwallet_android/wallet/AndroidManifest.xml:134:17-77
170-->dashwallet_android/wallet/AndroidManifest.xml:134:25-74
171
172                <data android:scheme="dash" />
172-->dashwallet_android/wallet/AndroidManifest.xml:73:17-76:45
172-->dashwallet_android/wallet/AndroidManifest.xml:75:21-43
173                <data android:scheme="darkcoin" />
173-->dashwallet_android/wallet/AndroidManifest.xml:73:17-76:45
173-->dashwallet_android/wallet/AndroidManifest.xml:75:21-43
174                <data android:scheme="pay" />
174-->dashwallet_android/wallet/AndroidManifest.xml:73:17-76:45
174-->dashwallet_android/wallet/AndroidManifest.xml:75:21-43
175
176                <category android:name="android.intent.category.DEFAULT" />
176-->dashwallet_android/wallet/AndroidManifest.xml:70:17-76
176-->dashwallet_android/wallet/AndroidManifest.xml:70:27-73
177            </intent-filter>
178        </activity>
179        <activity
179-->dashwallet_android/wallet/AndroidManifest.xml:174:9-178:59
180            android:name="de.schildbach.wallet.ui.SendCoinsQrActivity"
180-->dashwallet_android/wallet/AndroidManifest.xml:175:13-71
181            android:configChanges="keyboard|keyboardHidden"
181-->dashwallet_android/wallet/AndroidManifest.xml:176:13-60
182            android:screenOrientation="portrait"
182-->dashwallet_android/wallet/AndroidManifest.xml:177:13-49
183            android:theme="@style/My.Theme.Transparent" />
183-->dashwallet_android/wallet/AndroidManifest.xml:178:13-56
184        <activity
184-->dashwallet_android/wallet/AndroidManifest.xml:179:9-184:58
185            android:name="de.schildbach.wallet.ui.RequestCoinsActivity"
185-->dashwallet_android/wallet/AndroidManifest.xml:180:13-72
186            android:configChanges="keyboard|keyboardHidden"
186-->dashwallet_android/wallet/AndroidManifest.xml:181:13-60
187            android:label="@string/request_coins_activity_title"
187-->dashwallet_android/wallet/AndroidManifest.xml:182:13-65
188            android:theme="@style/My.Theme.ChildActivity"
188-->dashwallet_android/wallet/AndroidManifest.xml:183:13-58
189            android:windowSoftInputMode="adjustResize" />
189-->dashwallet_android/wallet/AndroidManifest.xml:184:13-55
190        <activity
190-->dashwallet_android/wallet/AndroidManifest.xml:185:9-189:61
191            android:name="de.schildbach.wallet.ui.AddressBookActivity"
191-->dashwallet_android/wallet/AndroidManifest.xml:186:13-71
192            android:configChanges="keyboard|keyboardHidden"
192-->dashwallet_android/wallet/AndroidManifest.xml:187:13-60
193            android:label="@string/address_book_activity_title"
193-->dashwallet_android/wallet/AndroidManifest.xml:188:13-64
194            android:theme="@style/My.Theme.ChildActivity" />
194-->dashwallet_android/wallet/AndroidManifest.xml:189:13-58
195        <activity
195-->dashwallet_android/wallet/AndroidManifest.xml:190:9-194:61
196            android:name="de.schildbach.wallet.ui.ExchangeRatesActivity"
196-->dashwallet_android/wallet/AndroidManifest.xml:191:13-73
197            android:configChanges="keyboard|keyboardHidden"
197-->dashwallet_android/wallet/AndroidManifest.xml:192:13-60
198            android:label="@string/exchange_rates_activity_title"
198-->dashwallet_android/wallet/AndroidManifest.xml:193:13-66
199            android:theme="@style/My.Theme.ChildActivity" />
199-->dashwallet_android/wallet/AndroidManifest.xml:194:13-58
200        <activity
200-->dashwallet_android/wallet/AndroidManifest.xml:195:9-199:61
201            android:name="de.schildbach.wallet.ui.NetworkMonitorActivity"
201-->dashwallet_android/wallet/AndroidManifest.xml:196:13-74
202            android:configChanges="keyboard|keyboardHidden"
202-->dashwallet_android/wallet/AndroidManifest.xml:197:13-60
203            android:label="@string/network_monitor_activity_title"
203-->dashwallet_android/wallet/AndroidManifest.xml:198:13-67
204            android:theme="@style/My.Theme.ChildActivity" />
204-->dashwallet_android/wallet/AndroidManifest.xml:199:13-58
205        <activity
205-->dashwallet_android/wallet/AndroidManifest.xml:200:9-203:61
206            android:name="de.schildbach.wallet.ui.preference.PreferenceActivity"
206-->dashwallet_android/wallet/AndroidManifest.xml:201:13-81
207            android:label="@string/preferences_activity_title"
207-->dashwallet_android/wallet/AndroidManifest.xml:202:13-63
208            android:theme="@style/My.Theme.ChildActivity" />
208-->dashwallet_android/wallet/AndroidManifest.xml:203:13-58
209        <activity
209-->dashwallet_android/wallet/AndroidManifest.xml:204:9-207:61
210            android:name="de.schildbach.wallet.ui.BlockInfoActivity"
210-->dashwallet_android/wallet/AndroidManifest.xml:205:13-69
211            android:label="@string/block_info"
211-->dashwallet_android/wallet/AndroidManifest.xml:206:13-47
212            android:theme="@style/My.Theme.ChildActivity" />
212-->dashwallet_android/wallet/AndroidManifest.xml:207:13-58
213        <activity
213-->dashwallet_android/wallet/AndroidManifest.xml:208:9-220:20
214            android:name="de.schildbach.wallet.ui.RestoreWalletActivity"
214-->dashwallet_android/wallet/AndroidManifest.xml:209:13-73
215            android:configChanges="orientation|keyboard|keyboardHidden"
215-->dashwallet_android/wallet/AndroidManifest.xml:210:13-72
216            android:theme="@style/My.Theme.Dialog" >
216-->dashwallet_android/wallet/AndroidManifest.xml:211:13-51
217            <intent-filter android:label="@string/import_keys_intent_filter_action" >
217-->dashwallet_android/wallet/AndroidManifest.xml:212:13-219:29
217-->dashwallet_android/wallet/AndroidManifest.xml:212:28-84
218                <action android:name="android.intent.action.VIEW" />
218-->dashwallet_android/wallet/AndroidManifest.xml:69:17-69
218-->dashwallet_android/wallet/AndroidManifest.xml:69:25-66
219
220                <category android:name="android.intent.category.DEFAULT" />
220-->dashwallet_android/wallet/AndroidManifest.xml:70:17-76
220-->dashwallet_android/wallet/AndroidManifest.xml:70:27-73
221
222                <data android:mimeType="application/x-darkcoin-wallet-backup" />
222-->dashwallet_android/wallet/AndroidManifest.xml:73:17-76:45
222-->dashwallet_android/wallet/AndroidManifest.xml:136:23-61
223                <data android:mimeType="application/x-dash-wallet-backup" />
223-->dashwallet_android/wallet/AndroidManifest.xml:73:17-76:45
223-->dashwallet_android/wallet/AndroidManifest.xml:136:23-61
224            </intent-filter>
225        </activity>
226        <activity
226-->dashwallet_android/wallet/AndroidManifest.xml:221:9-226:63
227            android:name="de.schildbach.wallet.ui.scan.ScanActivity"
227-->dashwallet_android/wallet/AndroidManifest.xml:222:13-69
228            android:configChanges="keyboard|keyboardHidden"
228-->dashwallet_android/wallet/AndroidManifest.xml:223:13-60
229            android:stateNotNeeded="true"
229-->dashwallet_android/wallet/AndroidManifest.xml:224:13-42
230            android:theme="@style/My.Theme.Fullscreen"
230-->dashwallet_android/wallet/AndroidManifest.xml:225:13-55
231            android:windowSoftInputMode="stateAlwaysHidden" />
231-->dashwallet_android/wallet/AndroidManifest.xml:226:13-60
232        <activity
232-->dashwallet_android/wallet/AndroidManifest.xml:227:9-232:58
233            android:name="de.schildbach.wallet.ui.send.SweepWalletActivity"
233-->dashwallet_android/wallet/AndroidManifest.xml:228:13-76
234            android:configChanges="keyboard|keyboardHidden"
234-->dashwallet_android/wallet/AndroidManifest.xml:229:13-60
235            android:label="@string/sweep_wallet_activity_title"
235-->dashwallet_android/wallet/AndroidManifest.xml:230:13-64
236            android:theme="@style/My.Theme.ChildActivity"
236-->dashwallet_android/wallet/AndroidManifest.xml:231:13-58
237            android:windowSoftInputMode="adjustResize" />
237-->dashwallet_android/wallet/AndroidManifest.xml:232:13-55
238        <activity
238-->dashwallet_android/wallet/AndroidManifest.xml:233:9-261:20
239            android:name="de.schildbach.wallet.ui.WalletUriHandlerActivity"
239-->dashwallet_android/wallet/AndroidManifest.xml:234:13-76
240            android:label="@string/app_name"
240-->dashwallet_android/wallet/AndroidManifest.xml:235:13-45
241            android:theme="@style/My.Theme.Transparent" >
241-->dashwallet_android/wallet/AndroidManifest.xml:236:13-56
242            <intent-filter>
242-->dashwallet_android/wallet/AndroidManifest.xml:237:13-244:29
243                <action android:name="android.intent.action.VIEW" />
243-->dashwallet_android/wallet/AndroidManifest.xml:69:17-69
243-->dashwallet_android/wallet/AndroidManifest.xml:69:25-66
244
245                <data android:scheme="dashwallet" />
245-->dashwallet_android/wallet/AndroidManifest.xml:73:17-76:45
245-->dashwallet_android/wallet/AndroidManifest.xml:75:21-43
246
247                <category android:name="android.intent.category.DEFAULT" />
247-->dashwallet_android/wallet/AndroidManifest.xml:70:17-76
247-->dashwallet_android/wallet/AndroidManifest.xml:70:27-73
248                <category android:name="android.intent.category.BROWSABLE" />
248-->dashwallet_android/wallet/AndroidManifest.xml:71:17-78
248-->dashwallet_android/wallet/AndroidManifest.xml:71:27-75
249            </intent-filter>
250
251            <!--
252            <intent-filter>
253                <action android:name="android.intent.action.VIEW" />
254                <category android:name="android.intent.category.DEFAULT" />
255                <category android:name="android.intent.category.BROWSABLE" />
256
257                <data
258                    android:host="www.dash.org"
259                    android:scheme="https"
260                    android:pathPrefix="/"/>
261
262
263            </intent-filter>
264            -->
265
266        </activity>
267        <activity
267-->dashwallet_android/wallet/AndroidManifest.xml:262:9-265:61
268            android:name="org.dash.wallet.integration.uphold.ui.UpholdSplashActivity"
268-->dashwallet_android/wallet/AndroidManifest.xml:263:13-86
269            android:launchMode="singleTask"
269-->dashwallet_android/wallet/AndroidManifest.xml:264:13-44
270            android:theme="@style/My.Theme.ChildActivity" />
270-->dashwallet_android/wallet/AndroidManifest.xml:265:13-58
271        <activity
271-->dashwallet_android/wallet/AndroidManifest.xml:266:9-268:61
272            android:name="org.dash.wallet.integration.uphold.ui.UpholdAccountActivity"
272-->dashwallet_android/wallet/AndroidManifest.xml:267:13-87
273            android:theme="@style/My.Theme.ChildActivity" />
273-->dashwallet_android/wallet/AndroidManifest.xml:268:13-58
274        <activity
274-->dashwallet_android/wallet/AndroidManifest.xml:269:9-272:63
275            android:name="de.schildbach.wallet.ui.LockScreenActivity"
275-->dashwallet_android/wallet/AndroidManifest.xml:270:13-70
276            android:screenOrientation="portrait"
276-->dashwallet_android/wallet/AndroidManifest.xml:271:13-49
277            android:theme="@style/LockScreenActivity.Theme" />
277-->dashwallet_android/wallet/AndroidManifest.xml:272:13-60
278        <activity
278-->dashwallet_android/wallet/AndroidManifest.xml:273:9-276:61
279            android:name="de.schildbach.wallet.ui.SetPinActivity"
279-->dashwallet_android/wallet/AndroidManifest.xml:274:13-66
280            android:screenOrientation="portrait"
280-->dashwallet_android/wallet/AndroidManifest.xml:275:13-49
281            android:theme="@style/My.Theme.ChildActivity" />
281-->dashwallet_android/wallet/AndroidManifest.xml:276:13-58
282        <activity
282-->dashwallet_android/wallet/AndroidManifest.xml:277:9-280:61
283            android:name="de.schildbach.wallet.ui.MoreActivity"
283-->dashwallet_android/wallet/AndroidManifest.xml:278:13-64
284            android:screenOrientation="portrait"
284-->dashwallet_android/wallet/AndroidManifest.xml:279:13-49
285            android:theme="@style/My.Theme.ChildActivity" />
285-->dashwallet_android/wallet/AndroidManifest.xml:280:13-58
286        <activity
286-->dashwallet_android/wallet/AndroidManifest.xml:281:9-284:61
287            android:name="de.schildbach.wallet.ui.SecurityActivity"
287-->dashwallet_android/wallet/AndroidManifest.xml:282:13-68
288            android:screenOrientation="portrait"
288-->dashwallet_android/wallet/AndroidManifest.xml:283:13-49
289            android:theme="@style/My.Theme.ChildActivity" />
289-->dashwallet_android/wallet/AndroidManifest.xml:284:13-58